# JRE version: OpenJDK Runtime Environment (17.0.11) (build 17.0.11+0--11852314)
# Java VM: OpenJDK 64-Bit Server VM (17.0.11+0--11852314, mixed mode, tiered, compressed oops, compressed class ptrs, g1 gc, windows-amd64)
GC Precious Log:
 CPUs: 8 total, 8 available
 Memory: 7932M
 Large Page Support: Disabled
 NUMA Support: Disabled
 Compressed Oops: Enabled (Zero based)
 Heap Region Size: 2M
 Heap Min Capacity: 8M
 Heap Initial Capacity: 124M
 Heap Max Capacity: 4G
 Pre-touch: Disabled
 Parallel Workers: 8
 Concurrent Workers: 2
 Concurrent Refinement Workers: 8
 Periodic GC: Disabled
Heap:
 garbage-first heap   total 221184K, used 145413K [0x0000000700000000, 0x0000000800000000)
  region size 2048K, 2 young (4096K), 2 survivors (4096K)
 Metaspace       used 105213K, committed 105984K, reserved 1179648K
  class space    used 14245K, committed 14592K, reserved 1048576K
GC Heap History (20 events):
Event: 12.700 GC heap after
{Heap after GC invocations=88 (full 0):
 garbage-first heap   total 184320K, used 99016K [0x0000000700000000, 0x0000000800000000)
  region size 2048K, 2 young (4096K), 2 survivors (4096K)
 Metaspace       used 71675K, committed 72320K, reserved 1114112K
  class space    used 9662K, committed 9984K, reserved 1048576K
}
Event: 13.225 GC heap before
{Heap before GC invocations=88 (full 0):
 garbage-first heap   total 184320K, used 137928K [0x0000000700000000, 0x0000000800000000)
  region size 2048K, 22 young (45056K), 2 survivors (4096K)
 Metaspace       used 74593K, committed 75328K, reserved 1114112K
  class space    used 10032K, committed 10368K, reserved 1048576K
}
Event: 13.231 GC heap after
{Heap after GC invocations=89 (full 0):
 garbage-first heap   total 184320K, used 103438K [0x0000000700000000, 0x0000000800000000)
  region size 2048K, 3 young (6144K), 3 survivors (6144K)
 Metaspace       used 74593K, committed 75328K, reserved 1114112K
  class space    used 10032K, committed 10368K, reserved 1048576K
}
Event: 13.757 GC heap before
{Heap before GC invocations=89 (full 0):
 garbage-first heap   total 184320K, used 142350K [0x0000000700000000, 0x0000000800000000)
  region size 2048K, 22 young (45056K), 3 survivors (6144K)
 Metaspace       used 77494K, committed 78144K, reserved 1179648K
  class space    used 10425K, committed 10752K, reserved 1048576K
}
Event: 13.763 GC heap after
{Heap after GC invocations=90 (full 0):
 garbage-first heap   total 184320K, used 106083K [0x0000000700000000, 0x0000000800000000)
  region size 2048K, 2 young (4096K), 2 survivors (4096K)
 Metaspace       used 77494K, committed 78144K, reserved 1179648K
  class space    used 10425K, committed 10752K, reserved 1048576K
}
Event: 14.267 GC heap before
{Heap before GC invocations=90 (full 0):
 garbage-first heap   total 184320K, used 142947K [0x0000000700000000, 0x0000000800000000)
  region size 2048K, 20 young (40960K), 2 survivors (4096K)
 Metaspace       used 81177K, committed 81856K, reserved 1179648K
  class space    used 10925K, committed 11264K, reserved 1048576K
}
Event: 14.273 GC heap after
{Heap after GC invocations=91 (full 0):
 garbage-first heap   total 184320K, used 109038K [0x0000000700000000, 0x0000000800000000)
  region size 2048K, 3 young (6144K), 3 survivors (6144K)
 Metaspace       used 81177K, committed 81856K, reserved 1179648K
  class space    used 10925K, committed 11264K, reserved 1048576K
}
Event: 14.794 GC heap before
{Heap before GC invocations=91 (full 0):
 garbage-first heap   total 184320K, used 143854K [0x0000000700000000, 0x0000000800000000)
  region size 2048K, 21 young (43008K), 3 survivors (6144K)
 Metaspace       used 83156K, committed 83904K, reserved 1179648K
  class space    used 11179K, committed 11520K, reserved 1048576K
}
Event: 14.800 GC heap after
{Heap after GC invocations=92 (full 0):
 garbage-first heap   total 221184K, used 110306K [0x0000000700000000, 0x0000000800000000)
  region size 2048K, 2 young (4096K), 2 survivors (4096K)
 Metaspace       used 83156K, committed 83904K, reserved 1179648K
  class space    used 11179K, committed 11520K, reserved 1048576K
}
Event: 15.730 GC heap before
{Heap before GC invocations=92 (full 0):
 garbage-first heap   total 221184K, used 173794K [0x0000000700000000, 0x0000000800000000)
  region size 2048K, 33 young (67584K), 2 survivors (4096K)
 Metaspace       used 87389K, committed 88064K, reserved 1179648K
  class space    used 11945K, committed 12288K, reserved 1048576K
}
Event: 15.735 GC heap after
{Heap after GC invocations=93 (full 0):
 garbage-first heap   total 221184K, used 112244K [0x0000000700000000, 0x0000000800000000)
  region size 2048K, 3 young (6144K), 3 survivors (6144K)
 Metaspace       used 87389K, committed 88064K, reserved 1179648K
  class space    used 11945K, committed 12288K, reserved 1048576K
}
Event: 16.633 GC heap before
{Heap before GC invocations=93 (full 0):
 garbage-first heap   total 221184K, used 185972K [0x0000000700000000, 0x0000000800000000)
  region size 2048K, 35 young (71680K), 3 survivors (6144K)
 Metaspace       used 92715K, committed 93504K, reserved 1179648K
  class space    used 12527K, committed 12864K, reserved 1048576K
}
Event: 16.642 GC heap after
{Heap after GC invocations=94 (full 0):
 garbage-first heap   total 221184K, used 128081K [0x0000000700000000, 0x0000000800000000)
  region size 2048K, 5 young (10240K), 5 survivors (10240K)
 Metaspace       used 92715K, committed 93504K, reserved 1179648K
  class space    used 12527K, committed 12864K, reserved 1048576K
}
Event: 17.338 GC heap before
{Heap before GC invocations=94 (full 0):
 garbage-first heap   total 221184K, used 185425K [0x0000000700000000, 0x0000000800000000)
  region size 2048K, 30 young (61440K), 5 survivors (10240K)
 Metaspace       used 98385K, committed 99200K, reserved 1179648K
  class space    used 13334K, committed 13696K, reserved 1048576K
}
Event: 17.350 GC heap after
{Heap after GC invocations=95 (full 0):
 garbage-first heap   total 221184K, used 142729K [0x0000000700000000, 0x0000000800000000)
  region size 2048K, 3 young (6144K), 3 survivors (6144K)
 Metaspace       used 98385K, committed 99200K, reserved 1179648K
  class space    used 13334K, committed 13696K, reserved 1048576K
}
Event: 17.974 GC heap before
{Heap before GC invocations=96 (full 0):
 garbage-first heap   total 190464K, used 171401K [0x0000000700000000, 0x0000000800000000)
  region size 2048K, 19 young (38912K), 3 survivors (6144K)
 Metaspace       used 102303K, committed 103168K, reserved 1179648K
  class space    used 13827K, committed 14208K, reserved 1048576K
}
Event: 17.980 GC heap after
{Heap after GC invocations=97 (full 0):
 garbage-first heap   total 190464K, used 144114K [0x0000000700000000, 0x0000000800000000)
  region size 2048K, 1 young (2048K), 1 survivors (2048K)
 Metaspace       used 102303K, committed 103168K, reserved 1179648K
  class space    used 13827K, committed 14208K, reserved 1048576K
}
Event: 18.069 GC heap before
{Heap before GC invocations=97 (full 0):
 garbage-first heap   total 190464K, used 150258K [0x0000000700000000, 0x0000000800000000)
  region size 2048K, 4 young (8192K), 1 survivors (2048K)
 Metaspace       used 102923K, committed 103808K, reserved 1179648K
  class space    used 13950K, committed 14336K, reserved 1048576K
}
Event: 18.072 GC heap after
{Heap after GC invocations=98 (full 0):
 garbage-first heap   total 190464K, used 144517K [0x0000000700000000, 0x0000000800000000)
  region size 2048K, 1 young (2048K), 1 survivors (2048K)
 Metaspace       used 102923K, committed 103808K, reserved 1179648K
  class space    used 13950K, committed 14336K, reserved 1048576K
}
Event: 18.368 GC heap before
{Heap before GC invocations=98 (full 0):
 garbage-first heap   total 190464K, used 158853K [0x0000000700000000, 0x0000000800000000)
  region size 2048K, 9 young (18432K), 1 survivors (2048K)
 Metaspace       used 105213K, committed 105984K, reserved 1179648K
  class space    used 14245K, committed 14592K, reserved 1048576K
}

