# JRE version: OpenJDK Runtime Environment (17.0.11) (build 17.0.11+0--11852314)
# Java VM: OpenJDK 64-Bit Server VM (17.0.11+0--11852314, mixed mode, tiered, compressed oops, compressed class ptrs, g1 gc, windows-amd64)
GC Precious Log:
 CPUs: 8 total, 8 available
 Memory: 7932M
 Large Page Support: Disabled
 NUMA Support: Disabled
 Compressed Oops: Enabled (Zero based)
 Heap Region Size: 2M
 Heap Min Capacity: 8M
 Heap Initial Capacity: 124M
 Heap Max Capacity: 4G
 Pre-touch: Disabled
 Parallel Workers: 8
 Concurrent Workers: 2
 Concurrent Refinement Workers: 8
 Periodic GC: Disabled
Heap:
 garbage-first heap   total 61440K, used 53077K [0x0000000700000000, 0x0000000800000000)
  region size 2048K, 6 young (12288K), 2 survivors (4096K)
 Metaspace       used 44634K, committed 44992K, reserved 1114112K
  class space    used 6027K, committed 6208K, reserved 1048576K
GC Heap History (20 events):
Event: 4.650 GC heap before
{Heap before GC invocations=8 (full 0):
 garbage-first heap   total 30720K, used 21539K [0x0000000700000000, 0x0000000800000000)
  region size 2048K, 2 young (4096K), 1 survivors (2048K)
 Metaspace       used 24120K, committed 24384K, reserved 1114112K
  class space    used 2940K, committed 3072K, reserved 1048576K
}
Event: 4.652 GC heap after
{Heap after GC invocations=9 (full 0):
 garbage-first heap   total 30720K, used 19539K [0x0000000700000000, 0x0000000800000000)
  region size 2048K, 1 young (2048K), 1 survivors (2048K)
 Metaspace       used 24120K, committed 24384K, reserved 1114112K
  class space    used 2940K, committed 3072K, reserved 1048576K
}
Event: 4.705 GC heap before
{Heap before GC invocations=9 (full 0):
 garbage-first heap   total 30720K, used 21587K [0x0000000700000000, 0x0000000800000000)
  region size 2048K, 2 young (4096K), 1 survivors (2048K)
 Metaspace       used 24549K, committed 24832K, reserved 1114112K
  class space    used 2997K, committed 3136K, reserved 1048576K
}
Event: 4.707 GC heap after
{Heap after GC invocations=10 (full 0):
 garbage-first heap   total 79872K, used 19594K [0x0000000700000000, 0x0000000800000000)
  region size 2048K, 1 young (2048K), 1 survivors (2048K)
 Metaspace       used 24549K, committed 24832K, reserved 1114112K
  class space    used 2997K, committed 3136K, reserved 1048576K
}
Event: 4.821 GC heap before
{Heap before GC invocations=11 (full 0):
 garbage-first heap   total 30720K, used 23690K [0x0000000700000000, 0x0000000800000000)
  region size 2048K, 4 young (8192K), 1 survivors (2048K)
 Metaspace       used 25504K, committed 25792K, reserved 1114112K
  class space    used 3180K, committed 3328K, reserved 1048576K
}
Event: 4.823 GC heap after
{Heap after GC invocations=12 (full 0):
 garbage-first heap   total 30720K, used 19873K [0x0000000700000000, 0x0000000800000000)
  region size 2048K, 1 young (2048K), 1 survivors (2048K)
 Metaspace       used 25504K, committed 25792K, reserved 1114112K
  class space    used 3180K, committed 3328K, reserved 1048576K
}
Event: 4.853 GC heap before
{Heap before GC invocations=12 (full 0):
 garbage-first heap   total 30720K, used 21921K [0x0000000700000000, 0x0000000800000000)
  region size 2048K, 2 young (4096K), 1 survivors (2048K)
 Metaspace       used 25834K, committed 26112K, reserved 1114112K
  class space    used 3241K, committed 3392K, reserved 1048576K
}
Event: 4.855 GC heap after
{Heap after GC invocations=13 (full 0):
 garbage-first heap   total 30720K, used 19896K [0x0000000700000000, 0x0000000800000000)
  region size 2048K, 1 young (2048K), 1 survivors (2048K)
 Metaspace       used 25834K, committed 26112K, reserved 1114112K
  class space    used 3241K, committed 3392K, reserved 1048576K
}
Event: 4.901 GC heap before
{Heap before GC invocations=13 (full 0):
 garbage-first heap   total 30720K, used 21944K [0x0000000700000000, 0x0000000800000000)
  region size 2048K, 2 young (4096K), 1 survivors (2048K)
 Metaspace       used 26184K, committed 26496K, reserved 1114112K
  class space    used 3304K, committed 3456K, reserved 1048576K
}
Event: 4.903 GC heap after
{Heap after GC invocations=14 (full 0):
 garbage-first heap   total 30720K, used 20031K [0x0000000700000000, 0x0000000800000000)
  region size 2048K, 1 young (2048K), 1 survivors (2048K)
 Metaspace       used 26184K, committed 26496K, reserved 1114112K
  class space    used 3304K, committed 3456K, reserved 1048576K
}
Event: 4.937 GC heap before
{Heap before GC invocations=15 (full 0):
 garbage-first heap   total 30720K, used 22079K [0x0000000700000000, 0x0000000800000000)
  region size 2048K, 2 young (4096K), 1 survivors (2048K)
 Metaspace       used 26379K, committed 26688K, reserved 1114112K
  class space    used 3342K, committed 3456K, reserved 1048576K
}
Event: 4.939 GC heap after
{Heap after GC invocations=16 (full 0):
 garbage-first heap   total 79872K, used 20137K [0x0000000700000000, 0x0000000800000000)
  region size 2048K, 1 young (2048K), 1 survivors (2048K)
 Metaspace       used 26379K, committed 26688K, reserved 1114112K
  class space    used 3342K, committed 3456K, reserved 1048576K
}
Event: 5.667 GC heap before
{Heap before GC invocations=16 (full 0):
 garbage-first heap   total 79872K, used 59049K [0x0000000700000000, 0x0000000800000000)
  region size 2048K, 20 young (40960K), 1 survivors (2048K)
 Metaspace       used 31553K, committed 31872K, reserved 1114112K
  class space    used 4241K, committed 4352K, reserved 1048576K
}
Event: 5.671 GC heap after
{Heap after GC invocations=17 (full 0):
 garbage-first heap   total 79872K, used 22478K [0x0000000700000000, 0x0000000800000000)
  region size 2048K, 2 young (4096K), 2 survivors (4096K)
 Metaspace       used 31553K, committed 31872K, reserved 1114112K
  class space    used 4241K, committed 4352K, reserved 1048576K
}
Event: 6.266 GC heap before
{Heap before GC invocations=17 (full 0):
 garbage-first heap   total 79872K, used 67534K [0x0000000700000000, 0x0000000800000000)
  region size 2048K, 19 young (38912K), 2 survivors (4096K)
 Metaspace       used 35366K, committed 35712K, reserved 1114112K
  class space    used 4844K, committed 4992K, reserved 1048576K
}
Event: 6.272 GC heap after
{Heap after GC invocations=18 (full 0):
 garbage-first heap   total 81920K, used 42030K [0x0000000700000000, 0x0000000800000000)
  region size 2048K, 3 young (6144K), 3 survivors (6144K)
 Metaspace       used 35366K, committed 35712K, reserved 1114112K
  class space    used 4844K, committed 4992K, reserved 1048576K
}
Event: 6.745 GC heap before
{Heap before GC invocations=18 (full 0):
 garbage-first heap   total 81920K, used 66606K [0x0000000700000000, 0x0000000800000000)
  region size 2048K, 15 young (30720K), 3 survivors (6144K)
 Metaspace       used 38782K, committed 39168K, reserved 1114112K
  class space    used 5389K, committed 5568K, reserved 1048576K
}
Event: 6.750 GC heap after
{Heap after GC invocations=19 (full 0):
 garbage-first heap   total 81920K, used 44239K [0x0000000700000000, 0x0000000800000000)
  region size 2048K, 1 young (2048K), 1 survivors (2048K)
 Metaspace       used 38782K, committed 39168K, reserved 1114112K
  class space    used 5389K, committed 5568K, reserved 1048576K
}
Event: 7.263 GC heap before
{Heap before GC invocations=19 (full 0):
 garbage-first heap   total 81920K, used 64719K [0x0000000700000000, 0x0000000800000000)
  region size 2048K, 12 young (24576K), 1 survivors (2048K)
 Metaspace       used 43760K, committed 44160K, reserved 1114112K
  class space    used 5956K, committed 6144K, reserved 1048576K
}
Event: 7.268 GC heap after
{Heap after GC invocations=20 (full 0):
 garbage-first heap   total 81920K, used 46933K [0x0000000700000000, 0x0000000800000000)
  region size 2048K, 2 young (4096K), 2 survivors (4096K)
 Metaspace       used 43760K, committed 44160K, reserved 1114112K
  class space    used 5956K, committed 6144K, reserved 1048576K
}

